Software Version: 2023.2.0.8
Programmer 'S20153T641' : JTAG TCK / SPI SCK frequency = 1 MHz
programmer 'S20153T641' : FlashPro5
Opened 'Z:\digital_systems\aufgabe2_all\aufgabe2\designer\aufgabe2\aufgabe2_fp\aufgabe2.pro'
The 'open_project' command succeeded.
Info: Programming is already enabled for device 'M2S005'.
The 'enable_device' command succeeded.
PPD file 'Z:/digital_systems/aufgabe2_all/aufgabe2/designer/aufgabe2/aufgabe2.ppd' has been loaded successfully.
DESIGN : aufgabe2;  CHECKSUM : 5169;  PDB_VERSION : 1.0
The 'set_programming_file' command succeeded.
The 'set_programming_action' command succeeded.
programmer 'S20153T641' : Scan Chain...
Programmer 'S20153T641' : JTAG TCK / SPI SCK frequency = 1 MHz
programmer 'S20153T641' : Check Chain...
programmer 'S20153T641' : Scan and Check Chain PASSED.
programmer 'S20153T641' : device 'M2S005' : Executing action PROGRAM
Programmer 'S20153T641' : JTAG TCK / SPI SCK frequency = 4 MHz
programmer 'S20153T641' : device 'M2S005' : Family: SmartFusion2
programmer 'S20153T641' : device 'M2S005' : Product:      M2S005
programmer 'S20153T641' : device 'M2S005' : Cortex-M3 Enabled (M3_ALLOWED = 1)
programmer 'S20153T641' : device 'M2S005' : Programming Interface Protocol: JTAG
programmer 'S20153T641' : device 'M2S005' : EXPORT ISC_ENABLE_RESULT[32] = 005a6824
programmer 'S20153T641' : device 'M2S005' : EXPORT CRCERR[1] = 0
programmer 'S20153T641' : device 'M2S005' : EXPORT EDCERR[1] = 0
programmer 'S20153T641' : device 'M2S005' : Programming FPGA Array...
programmer 'S20153T641' : device 'M2S005' : EXPORT Fabric component digest[256] = 5519895447bf7e1f7b4f21f5119e0c0c742f9a190d24567486bd5a364280ec6f
programmer 'S20153T641' : device 'M2S005' : ===================================================================================
programmer 'S20153T641' : device 'M2S005' : EXPORT DSN[128] = d21a19f02f6c56d5369d3a2110a5d1d7
programmer 'S20153T641' : device 'M2S005' : ===================================================================================
programmer 'S20153T641' : device 'M2S005' : Finished: Tue Jan  9 10:19:30 2024 (Elapsed time 00:00:18)
programmer 'S20153T641' : device 'M2S005' : Executing action PROGRAM PASSED.
programmer 'S20153T641' : Chain programming PASSED.
Chain Programming Finished: Tue Jan  9 10:19:30 2024 (Elapsed time 00:00:18)

                        o - o - o - o - o - o

The 'run_selected_actions' command succeeded.
Project saved.
The 'save_project' command succeeded.
Project closed.
The 'close_project' command succeeded.
The Execute Script command succeeded.
