
                               Synplify Pro (R) 

               Version T-2022.09M-SP2-1 for win64 - Jun 27, 2023 

                    Copyright (c) 1988 - 2023 Synopsys, Inc.
   This software and the associated documentation are proprietary to Synopsys,
 Inc. This software may only be used in accordance with the terms and conditions
 of a written license agreement with Synopsys, Inc. All other use, reproduction,
   or distribution of this software is strictly prohibited.  Licensed Products
     communicate with Synopsys servers for the purpose of providing software
    updates, detecting software piracy and verifying that customers are using
    Licensed Products in conformity with the applicable License Key for such
  Licensed Products. Synopsys will use information gathered in connection with
    this process to deliver software updates and pursue software pirates and
                                   infringers.

 Inclusivity & Diversity - Visit SolvNetPlus to read the "Synopsys Statement on
            Inclusivity and Diversity" (Refer to article 000036315 at
                        https://solvnetplus.synopsys.com)

Starting:    C:\Microchip\Libero_SoC_v2023.2\SynplifyPro\bin64\mbin\synbatch.exe
Install:     C:\Microchip\Libero_SoC_v2023.2\SynplifyPro
Hostname:    F130-05
Date:        Tue Jan  9 10:16:19 2024
Version:     T-2022.09M-SP2-1

Arguments:   -product synplify_pro -licensetype synplifypro_actel -batch -log synplify.log aufgabe2_syn.tcl
ProductType: synplify_pro

License checkout: synplifypro_actel
License: synplifypro_actel node-locked 
Licensed Vendor: actel
License Option: actel_oem

Running in Vendor Mode

use_module_idb is not supported in current product.
auto_infer_blackbox is not supported in current product.
log file: "Z:\digital_systems\aufgabe2_all\aufgabe2\synthesis\aufgabe2.srr"
Running: synthesis in foreground

Running aufgabe2_syn|synthesis

Running Flow: compile (Compile) on aufgabe2_syn|synthesis
# Tue Jan  9 10:16:20 2024

Running Flow: compile_flow (Compile Process) on aufgabe2_syn|synthesis
# Tue Jan  9 10:16:20 2024

Running: compiler (Compile Input) on aufgabe2_syn|synthesis
# Tue Jan  9 10:16:20 2024

compiler completed
# Tue Jan  9 10:16:20 2024

Return Code: 0
Run Time:00h:00m:00s

Running: multi_srs_gen (Multi-srs Generator) on aufgabe2_syn|synthesis
# Tue Jan  9 10:16:20 2024
Up-To-Date: multi_srs_gen. No run necessary
Complete: Compile Process on aufgabe2_syn|synthesis

Running: premap (Premap) on aufgabe2_syn|synthesis
# Tue Jan  9 10:16:21 2024

premap completed with warnings
# Tue Jan  9 10:16:22 2024

Return Code: 1
Run Time:00h:00m:01s
Complete: Compile on aufgabe2_syn|synthesis

Running Flow: map (Map) on aufgabe2_syn|synthesis
# Tue Jan  9 10:16:22 2024
License granted for 4 parallel jobs

Running: fpga_mapper (Map & Optimize) on aufgabe2_syn|synthesis
# Tue Jan  9 10:16:22 2024
Copied Z:\digital_systems\aufgabe2_all\aufgabe2\synthesis\synwork\aufgabe2_m.srm to Z:\digital_systems\aufgabe2_all\aufgabe2\synthesis\aufgabe2.srm

fpga_mapper completed with warnings
# Tue Jan  9 10:16:24 2024

Return Code: 1
Run Time:00h:00m:02s
Complete: Map on aufgabe2_syn|synthesis
Complete: Logic Synthesis on aufgabe2_syn|synthesis
TCL script complete: "aufgabe2_syn.tcl"
exit status=0
exit status=0
License checkin: synplifypro_actel
