Synplify Pro (R) Job Log
Date: 10:16:24    09-Jan-2024
Install Directory: C:\Microchip\Libero_SoC_v2023.2\SynplifyPro

JobFlow: synthesis
   Run Start Time: 10:16:20
   Runtime: 04s
   Executable Run Time: 3 - (Sum of all child executables)
   Current Working Directory: Z:\digital_systems\aufgabe2_all\aufgabe2\synthesis

   JobFlow: synthesis
      Run Start Time: 10:16:20
      Runtime: 04s
      Executable Run Time: 3 - (Sum of all child executables)

      JobFlow: compile
         Run Start Time: 10:16:20
         Runtime: 02s
         Executable Run Time: 1 - (Sum of all child executables)

         JobFlow: compile_flow
            Run Start Time: 10:16:20
            Runtime: 01s
            Executable Run Time: 0 - (Sum of all child executables)

            Job: compiler
               executable: bin64\c_hdl.exe
               Run Directory: Z:/digital_systems/aufgabe2_all/aufgabe2/synthesis
               Run State: complete
               Return Code: 0
               Has Errors: no
               Run Start Time: 10:16:20
               Run Time: 00s
               Executable Run Time: 0 - (Executable run time excluding UI processing)
               Memory Usage: -
               Up-to-date (run skipped): no

            Job: multi_srs_gen
               executable: bin64\syn_nfilter.exe
               Run Directory: Z:/digital_systems/aufgabe2_all/aufgabe2/synthesis
               Run State: complete
               Return Code: 0
               Has Errors: no
               Run Start Time: 10:16:20
               Run Time: 00s
               Executable Run Time: 0 - (Executable run time excluding UI processing)
               Memory Usage: -
               Up-to-date (run skipped): yes

         Job: premap
            executable: bin64\m_generic.exe
            Run Directory: Z:/digital_systems/aufgabe2_all/aufgabe2/synthesis
            Run State: complete
            Return Code: 1
            Has Errors: no
            Run Start Time: 10:16:21
            Run Time: 01s
            Executable Run Time: 1 - (Executable run time excluding UI processing)
            Memory Usage: -
            Up-to-date (run skipped): no

      JobFlow: map
         Run Start Time: 10:16:22
         Runtime: 02s
         Executable Run Time: 2 - (Sum of all child executables)

         Job: fpga_mapper
            executable: bin64\m_generic.exe
            Run Directory: Z:/digital_systems/aufgabe2_all/aufgabe2/synthesis
            Run State: complete
            Return Code: 1
            Has Errors: no
            Run Start Time: 10:16:22
            Run Time: 02s
            Executable Run Time: 2 - (Executable run time excluding UI processing)
            Memory Usage: -
            Up-to-date (run skipped): no
