
Copyright (C) 1994-2022 Synopsys, Inc.
This Synopsys software and all associated documentation are proprietary to Synopsys, Inc.
and may only be used pursuant to the terms and conditions of a written license agreement
with Synopsys, Inc. All other use, reproduction, modification, or distribution of the
Synopsys software or the associated documentation is strictly prohibited.
Tool: Synplify Pro (R)
Build: T-2022.09M-SP2-1
Install: C:\Microchip\Libero_SoC_v2023.2\SynplifyPro
OS: Windows 10 or later
Hostname: F130-05

Implementation : synthesis
Synopsys HDL compiler and linker, Version comp202209synp2, Build 179R, Built Jun 27 2023 09:29:56, @

Modified Files: 6
FID:  path (prevtimestamp, timestamp)
13       Z:\digital_systems\aufgabe1_all\vhdl\aufgabe1.vhd (N/A, 2023-11-07 10:52:06)
14       Z:\digital_systems\aufgabe1_all\vhdl\hex4x7seg.vhd (N/A, 2023-12-05 09:54:43)
15       Z:\digital_systems\aufgabe1_all\vhdl\lfsr_lib.vhd (N/A, 2023-11-29 10:46:24)
10       Z:\digital_systems\vhdl\aufgabe1.vhd (2023-11-07 10:52:06, N/A)
11       Z:\digital_systems\vhdl\hex4x7seg.vhd (2023-12-05 09:54:43, N/A)
12       Z:\digital_systems\vhdl\lfsr_lib.vhd (2023-11-29 10:46:24, N/A)

*******************************************************************
Modules that may have changed as a result of file changes: 2
MID:  lib.cell.view
0        work.aufgabe1.struktur may have changed because the following files changed:
                        Z:\digital_systems\aufgabe1_all\vhdl\aufgabe1.vhd (N/A, 2023-11-07 10:52:06) <-- (architecture and entity definition)
2        work.hex4x7seg.struktur may have changed because the following files changed:
                        Z:\digital_systems\aufgabe1_all\vhdl\aufgabe1.vhd (N/A, 2023-11-07 10:52:06) <-- (may instantiate this module)
                        Z:\digital_systems\aufgabe1_all\vhdl\hex4x7seg.vhd (N/A, 2023-12-05 09:54:43) <-- (architecture and entity definition)

*******************************************************************
Unmodified files: 10
FID:  path (timestamp)
0        C:\Microchip\Libero_SoC_v2023.2\SynplifyPro\lib\vhd2008\arith.vhd (2023-08-08 12:25:46)
1        C:\Microchip\Libero_SoC_v2023.2\SynplifyPro\lib\vhd2008\location.map (2023-08-08 12:25:46)
2        C:\Microchip\Libero_SoC_v2023.2\SynplifyPro\lib\vhd2008\numeric.vhd (2023-08-08 12:25:46)
3        C:\Microchip\Libero_SoC_v2023.2\SynplifyPro\lib\vhd2008\std.vhd (2023-08-08 12:25:46)
4        C:\Microchip\Libero_SoC_v2023.2\SynplifyPro\lib\vhd2008\std1164.vhd (2023-08-08 12:25:46)
5        C:\Microchip\Libero_SoC_v2023.2\SynplifyPro\lib\vhd2008\std_textio.vhd (2023-08-08 12:25:46)
6        C:\Microchip\Libero_SoC_v2023.2\SynplifyPro\lib\vhd2008\unsigned.vhd (2023-08-08 12:25:46)
7        C:\Microchip\Libero_SoC_v2023.2\SynplifyPro\lib\vhd\hyperents.vhd (2023-08-08 12:25:46)
8        C:\Microchip\Libero_SoC_v2023.2\SynplifyPro\lib\vhd\snps_haps_pkg.vhd (2023-08-08 12:25:46)
9        C:\Microchip\Libero_SoC_v2023.2\SynplifyPro\lib\vhd\umr_capim.vhd (2023-08-08 12:25:46)

*******************************************************************
Unchanged modules: 0
MID:  lib.cell.view
