Synplify Pro (R) Job Log
Date: 10:11:53    07-Nov-2023
Install Directory: C:\Microchip\Libero_SoC_v2023.2\SynplifyPro

JobFlow: synthesis
   Run Start Time: 10:11:51
   Runtime: 02s
   Executable Run Time: 2 - (Sum of all child executables)
   Current Working Directory: C:\00digitalesysteme\01-projekt\projekt1\synthesis

   JobFlow: synthesis
      Run Start Time: 10:11:51
      Runtime: 02s
      Executable Run Time: 2 - (Sum of all child executables)

      JobFlow: compile
         Run Start Time: 10:11:51
         Runtime: 01s
         Executable Run Time: 1 - (Sum of all child executables)

         JobFlow: compile_flow
            Run Start Time: 10:11:51
            Runtime: 00s
            Executable Run Time: 0 - (Sum of all child executables)

            Job: compiler
               executable: bin64\c_hdl.exe
               Run Directory: C:/00digitalesysteme/01-projekt/projekt1/synthesis
               Run State: complete
               Return Code: 0
               Has Errors: no
               Run Start Time: 10:11:51
               Run Time: 00s
               Executable Run Time: 0 - (Executable run time excluding UI processing)
               Memory Usage: -
               Up-to-date (run skipped): no

            Job: multi_srs_gen
               executable: bin64\syn_nfilter.exe
               Run Directory: C:/00digitalesysteme/01-projekt/projekt1/synthesis
               Run State: complete
               Return Code: 0
               Has Errors: no
               Run Start Time: 10:11:51
               Run Time: 00s
               Executable Run Time: 0 - (Executable run time excluding UI processing)
               Memory Usage: -
               Up-to-date (run skipped): yes

         Job: premap
            executable: bin64\m_generic.exe
            Run Directory: C:/00digitalesysteme/01-projekt/projekt1/synthesis
            Run State: complete
            Return Code: 1
            Has Errors: no
            Run Start Time: 10:11:51
            Run Time: 01s
            Executable Run Time: 1 - (Executable run time excluding UI processing)
            Memory Usage: -
            Up-to-date (run skipped): no

      JobFlow: map
         Run Start Time: 10:11:52
         Runtime: 01s
         Executable Run Time: 1 - (Sum of all child executables)

         Job: fpga_mapper
            executable: bin64\m_generic.exe
            Run Directory: C:/00digitalesysteme/01-projekt/projekt1/synthesis
            Run State: complete
            Return Code: 1
            Has Errors: no
            Run Start Time: 10:11:52
            Run Time: 01s
            Executable Run Time: 1 - (Executable run time excluding UI processing)
            Memory Usage: -
            Up-to-date (run skipped): no
