Resource Usage Report for blink 

Mapping to part: m2s005vf400std
Cell usage:
CLKINT          2 uses
CFG2           1 use
CFG3           8 uses
CFG4           10 uses


Sequential Cells: 
SLE            27 uses

DSP Blocks:    0 of 11 (0%)

I/O ports: 3
I/O primitives: 3
INBUF          2 uses
OUTBUF         1 use


Global Clock Buffers: 2

Total LUTs:    19

Extra resources required for RAM and MACC interface logic during P&R:

RAM64x18 Interface Logic : SLEs = 0; LUTs = 0;
RAM1K18  Interface Logic : SLEs = 0; LUTs = 0;
MACC     Interface Logic : SLEs = 0; LUTs = 0;

Total number of SLEs after P&R:  27 + 0 + 0 + 0 = 27;
Total number of LUTs after P&R:  19 + 0 + 0 + 0 = 19;

