
Copyright (C) 1994-2022 Synopsys, Inc.
This Synopsys software and all associated documentation are proprietary to Synopsys, Inc.
and may only be used pursuant to the terms and conditions of a written license agreement
with Synopsys, Inc. All other use, reproduction, modification, or distribution of the
Synopsys software or the associated documentation is strictly prohibited.
Tool: Synplify Pro (R)
Build: T-2022.09M-SP2-1
Install: C:\Microchip\Libero_SoC_v2023.2\SynplifyPro
OS: Windows 10 or later
Hostname: F130-05

Implementation : synthesis

# Written on Tue Dec 19 11:05:06 2023

##### FILES SYNTAX CHECKED ##############################################
Constraint File(s):      "Z:\digital_systems\aufgabe1_all\aufgabe1\designer\aufgabe1\synthesis.fdc"

#Run constraint checker to find more issues with constraints.
#########################################################################



No issues found in constraint syntax.



Clock Summary
*************

          Start            Requested     Requested     Clock        Clock          Clock
Level     Clock            Frequency     Period        Type         Group          Load 
----------------------------------------------------------------------------------------
0 -       aufgabe1|clk     100.0 MHz     10.000        inferred     (multiple)     17   
========================================================================================


Clock Load Summary
******************

                 Clock     Source        Clock Pin       Non-clock Pin     Non-clock Pin
Clock            Load      Pin           Seq Example     Seq Example       Comb Example 
----------------------------------------------------------------------------------------
aufgabe1|clk     17        clk(port)     u1.enMod4.C     -                 -            
========================================================================================
