Synplify Pro (R) Job Log
Date: 11:05:10    19-Dec-2023
Install Directory: C:\Microchip\Libero_SoC_v2023.2\SynplifyPro

JobFlow: synthesis
   Run Start Time: 11:05:04
   Runtime: 06s
   Executable Run Time: 4 - (Sum of all child executables)
   Current Working Directory: Z:\digital_systems\aufgabe1_all\aufgabe1\synthesis

   JobFlow: synthesis
      Run Start Time: 11:05:04
      Runtime: 06s
      Executable Run Time: 4 - (Sum of all child executables)

      JobFlow: compile
         Run Start Time: 11:05:04
         Runtime: 03s
         Executable Run Time: 2 - (Sum of all child executables)

         JobFlow: compile_flow
            Run Start Time: 11:05:04
            Runtime: 02s
            Executable Run Time: 1 - (Sum of all child executables)

            Job: compiler
               executable: bin64\c_hdl.exe
               Run Directory: Z:/digital_systems/aufgabe1_all/aufgabe1/synthesis
               Run State: complete
               Return Code: 0
               Has Errors: no
               Run Start Time: 11:05:04
               Run Time: 02s
               Executable Run Time: 1 - (Executable run time excluding UI processing)
               Memory Usage: -
               Up-to-date (run skipped): no

            Job: multi_srs_gen
               executable: bin64\syn_nfilter.exe
               Run Directory: Z:/digital_systems/aufgabe1_all/aufgabe1/synthesis
               Run State: complete
               Return Code: 0
               Has Errors: no
               Run Start Time: 11:05:06
               Run Time: 00s
               Executable Run Time: 0 - (Executable run time excluding UI processing)
               Memory Usage: -
               Up-to-date (run skipped): no

         Job: premap
            executable: bin64\m_generic.exe
            Run Directory: Z:/digital_systems/aufgabe1_all/aufgabe1/synthesis
            Run State: complete
            Return Code: 1
            Has Errors: no
            Run Start Time: 11:05:06
            Run Time: 01s
            Executable Run Time: 1 - (Executable run time excluding UI processing)
            Memory Usage: -
            Up-to-date (run skipped): no

      JobFlow: map
         Run Start Time: 11:05:07
         Runtime: 03s
         Executable Run Time: 2 - (Sum of all child executables)

         Job: fpga_mapper
            executable: bin64\m_generic.exe
            Run Directory: Z:/digital_systems/aufgabe1_all/aufgabe1/synthesis
            Run State: complete
            Return Code: 1
            Has Errors: no
            Run Start Time: 11:05:07
            Run Time: 03s
            Executable Run Time: 2 - (Executable run time excluding UI processing)
            Memory Usage: -
            Up-to-date (run skipped): no
