
Copyright (C) 1994-2022 Synopsys, Inc.
This Synopsys software and all associated documentation are proprietary to Synopsys, Inc.
and may only be used pursuant to the terms and conditions of a written license agreement
with Synopsys, Inc. All other use, reproduction, modification, or distribution of the
Synopsys software or the associated documentation is strictly prohibited.
Tool: Synplify Pro (R)
Build: T-2022.09M-SP2-1
Install: C:\Microchip\Libero_SoC_v2023.2\SynplifyPro
OS: Windows 10 or later
Hostname: F130-05

Implementation : synthesis
Synopsys HDL compiler and linker, Version comp202209synp2, Build 179R, Built Jun 27 2023 09:29:56, @

Modified Files: 0
FID:  path (prevtimestamp, timestamp)

*******************************************************************
Modules that may have changed as a result of file changes: 0
MID:  lib.cell.view

*******************************************************************
Unmodified files: 16
FID:  path (timestamp)
0        C:\Microchip\Libero_SoC_v2023.2\SynplifyPro\lib\vhd2008\arith.vhd (2023-08-08 12:25:46)
1        C:\Microchip\Libero_SoC_v2023.2\SynplifyPro\lib\vhd2008\location.map (2023-08-08 12:25:46)
2        C:\Microchip\Libero_SoC_v2023.2\SynplifyPro\lib\vhd2008\numeric.vhd (2023-08-08 12:25:46)
3        C:\Microchip\Libero_SoC_v2023.2\SynplifyPro\lib\vhd2008\std.vhd (2023-08-08 12:25:46)
4        C:\Microchip\Libero_SoC_v2023.2\SynplifyPro\lib\vhd2008\std1164.vhd (2023-08-08 12:25:46)
5        C:\Microchip\Libero_SoC_v2023.2\SynplifyPro\lib\vhd2008\std_textio.vhd (2023-08-08 12:25:46)
6        C:\Microchip\Libero_SoC_v2023.2\SynplifyPro\lib\vhd2008\unsigned.vhd (2023-08-08 12:25:46)
7        C:\Microchip\Libero_SoC_v2023.2\SynplifyPro\lib\vhd\hyperents.vhd (2023-08-08 12:25:46)
8        C:\Microchip\Libero_SoC_v2023.2\SynplifyPro\lib\vhd\snps_haps_pkg.vhd (2023-08-08 12:25:46)
9        C:\Microchip\Libero_SoC_v2023.2\SynplifyPro\lib\vhd\umr_capim.vhd (2023-08-08 12:25:46)
10       Z:\digital_systems\aufgabe1_all\vhdl\lfsr_lib.vhd (2023-11-29 10:46:24)
11       Z:\digital_systems\aufgabe2_all\vhdl\aufgabe2.vhd (2023-12-19 10:18:03)
12       Z:\digital_systems\aufgabe2_all\vhdl\hex4x7seg.vhd (2023-12-05 09:54:43)
13       Z:\digital_systems\aufgabe2_all\vhdl\std_counter.vhd (2024-01-09 10:10:35)
14       Z:\digital_systems\aufgabe2_all\vhdl\sync_buffer.vhd (2024-01-09 10:05:39)
15       Z:\digital_systems\aufgabe2_all\vhdl\sync_module.vhd (2024-01-09 10:10:58)

*******************************************************************
Unchanged modules: 10
MID:  lib.cell.view
0        work.aufgabe2.structure
1        work.aufgabe2.vhdl
2        work.hex4x7seg.struktur
3        work.hex4x7seg.vhdl
4        work.std_counter.verhalten
5        work.std_counter.vhdl
6        work.sync_buffer.verhalten
7        work.sync_buffer.vhdl
8        work.sync_module.verhalten
9        work.sync_module.vhdl
